<?xml version="1.0" encoding="UTF-8"?>
<!-- Generated by org.testng.reporters.JUnitXMLReporter -->
<testsuite ignored="0" hostname="GIRIJA-HARI-SURYA" failures="0" tests="4" name="Default test" time="143.961" errors="0" timestamp="2023-04-21T13:31:03 IST">
  <testcase classname="com.becognizant.test.TestProject" name="loginMicrosoft" time="74.236"/>
  <testcase classname="com.becognizant.test.TestProject" name="getProfileInfo" time="0.445"/>
  <testcase classname="com.becognizant.test.TestProject" name="newsInfo" time="6.058"/>
  <testcase classname="com.becognizant.test.TestProject" name="readNewsData" time="62.645"/>
</testsuite> <!-- Default test -->
