<?xml version="1.0" encoding="UTF-8"?>
<!-- Generated by org.testng.reporters.JUnitXMLReporter -->
<testsuite ignored="0" hostname="GIRIJA-HARI-SURYA" failures="0" tests="4" name="Default test" time="135.762" errors="0" timestamp="2023-04-19T19:21:33 IST">
  <testcase classname="com.becognizant.test.TestProject" name="loginMicrosoft" time="65.512"/>
  <testcase classname="com.becognizant.test.TestProject" name="getProfileInfo" time="0.32"/>
  <testcase classname="com.becognizant.test.TestProject" name="newsInfo" time="0.299"/>
  <testcase classname="com.becognizant.test.TestProject" name="readNewsData" time="69.04"/>
</testsuite> <!-- Default test -->
