<?xml version="1.0" encoding="UTF-8"?>
<!-- Generated by org.testng.reporters.JUnitXMLReporter -->
<testsuite ignored="0" hostname="GIRIJA-HARI-SURYA" failures="1" tests="1" name="profile" time="0.007" errors="0" timestamp="2023-04-14T12:16:15 IST">
  <testcase classname="com.becognizant.test.TestProfile" name="testProfile" time="0.004">
    <failure type="java.lang.NullPointerException" message="Cannot invoke &amp;quot;org.openqa.selenium.WebDriver.findElement(org.openqa.selenium.By)&amp;quot; because &amp;quot;this.driver&amp;quot; is null">
      <![CDATA[java.lang.NullPointerException: Cannot invoke "org.openqa.selenium.WebDriver.findElement(org.openqa.selenium.By)" because "this.driver" is null
at com.becognizant.base.BaseRequirements.getWebElement(BaseRequirements.java:112)
at com.becognizant.profile.ProfileInfo.profile(ProfileInfo.java:13)
at com.becognizant.test.TestProfile.testProfile(TestProfile.java:12)
at java.base/java.util.ArrayList.forEach(ArrayList.java:1511)
... Removed 25 stack frames]]>
    </failure>
  </testcase> <!-- testProfile -->
</testsuite> <!-- profile -->
