<?xml version="1.0" encoding="UTF-8"?>
<testng-results ignored="0" total="4" passed="4" failed="0" skipped="0">
  <reporter-output>
  </reporter-output>
  <suite started-at="2023-04-19T19:19:17 IST" name="Default suite" finished-at="2023-04-19T19:21:33 IST" duration-ms="135762">
    <groups>
    </groups>
    <test started-at="2023-04-19T19:19:17 IST" name="Default test" finished-at="2023-04-19T19:21:33 IST" duration-ms="135762">
      <class name="com.becognizant.test.TestProject">
        <test-method is-config="true" signature="selectDriver()[pri:0, instance:com.becognizant.test.TestProject@4d465b11]" started-at="2023-04-19T19:19:07 IST" name="selectDriver" finished-at="2023-04-19T19:19:17 IST" duration-ms="9519" status="PASS">
          <reporter-output>
          </reporter-output>
        </test-method> <!-- selectDriver -->
        <test-method signature="loginMicrosoft()[pri:0, instance:com.becognizant.test.TestProject@4d465b11]" started-at="2023-04-19T19:19:17 IST" name="loginMicrosoft" finished-at="2023-04-19T19:20:22 IST" duration-ms="65512" status="PASS">
          <reporter-output>
          </reporter-output>
        </test-method> <!-- loginMicrosoft -->
        <test-method signature="getProfileInfo()[pri:0, instance:com.becognizant.test.TestProject@4d465b11]" started-at="2023-04-19T19:20:22 IST" name="getProfileInfo" finished-at="2023-04-19T19:20:23 IST" depends-on-methods="com.becognizant.test.TestProject.loginMicrosoft" duration-ms="320" status="PASS">
          <reporter-output>
          </reporter-output>
        </test-method> <!-- getProfileInfo -->
        <test-method signature="newsInfo()[pri:0, instance:com.becognizant.test.TestProject@4d465b11]" started-at="2023-04-19T19:20:23 IST" name="newsInfo" finished-at="2023-04-19T19:20:23 IST" depends-on-methods="com.becognizant.test.TestProject.getProfileInfo" duration-ms="299" status="PASS">
          <reporter-output>
          </reporter-output>
        </test-method> <!-- newsInfo -->
        <test-method signature="readNewsData()[pri:0, instance:com.becognizant.test.TestProject@4d465b11]" started-at="2023-04-19T19:20:23 IST" name="readNewsData" finished-at="2023-04-19T19:21:32 IST" depends-on-methods="com.becognizant.test.TestProject.newsInfo" duration-ms="69040" status="PASS">
          <reporter-output>
          </reporter-output>
        </test-method> <!-- readNewsData -->
        <test-method is-config="true" signature="closeBrowser()[pri:0, instance:com.becognizant.test.TestProject@4d465b11]" started-at="2023-04-19T19:21:32 IST" name="closeBrowser" finished-at="2023-04-19T19:21:33 IST" duration-ms="558" status="PASS">
          <reporter-output>
          </reporter-output>
        </test-method> <!-- closeBrowser -->
      </class> <!-- com.becognizant.test.TestProject -->
    </test> <!-- Default test -->
  </suite> <!-- Default suite -->
</testng-results>
